D:\.Net\POD\Frontend\dist\out-tsc\e2e\src\app.po.js
D:\.Net\POD\Frontend\dist\out-tsc\e2e\src\app.po.js.map
D:\.Net\POD\Frontend\dist\out-tsc\e2e\src\app.e2e-spec.js
D:\.Net\POD\Frontend\dist\out-tsc\e2e\src\app.e2e-spec.js.map
D:\.Net\POD\Frontend\dist\out-tsc\src\app\app-routing.module.js
D:\.Net\POD\Frontend\dist\out-tsc\src\app\app-routing.module.js.map
D:\.Net\POD\Frontend\dist\out-tsc\src\app\app.component.js
D:\.Net\POD\Frontend\dist\out-tsc\src\app\app.component.js.map
D:\.Net\POD\Frontend\dist\out-tsc\src\dto\logindto.js
D:\.Net\POD\Frontend\dist\out-tsc\src\dto\logindto.js.map
D:\.Net\POD\Frontend\dist\out-tsc\src\dto\userdto.js
D:\.Net\POD\Frontend\dist\out-tsc\src\dto\userdto.js.map
D:\.Net\POD\Frontend\dist\out-tsc\src\service\service.js
D:\.Net\POD\Frontend\dist\out-tsc\src\service\service.js.map
D:\.Net\POD\Frontend\dist\out-tsc\src\service\abstractservice.js
D:\.Net\POD\Frontend\dist\out-tsc\src\service\abstractservice.js.map
D:\.Net\POD\Frontend\dist\out-tsc\src\service\abstractuservice.js
D:\.Net\POD\Frontend\dist\out-tsc\src\service\abstractuservice.js.map
D:\.Net\POD\Frontend\dist\out-tsc\src\service\user.service.js
D:\.Net\POD\Frontend\dist\out-tsc\src\service\user.service.js.map
D:\.Net\POD\Frontend\dist\out-tsc\src\app\login\login.component.js
D:\.Net\POD\Frontend\dist\out-tsc\src\app\login\login.component.js.map
D:\.Net\POD\Frontend\dist\out-tsc\src\app\login\login-routing.module.js
D:\.Net\POD\Frontend\dist\out-tsc\src\app\login\login-routing.module.js.map
D:\.Net\POD\Frontend\dist\out-tsc\src\app\login\login.module.js
D:\.Net\POD\Frontend\dist\out-tsc\src\app\login\login.module.js.map
D:\.Net\POD\Frontend\dist\out-tsc\src\app\layout\admin-layout\admin-layout.component.js
D:\.Net\POD\Frontend\dist\out-tsc\src\app\layout\admin-layout\admin-layout.component.js.map
D:\.Net\POD\Frontend\dist\out-tsc\src\app\layout\user-layout\user-layout.component.js
D:\.Net\POD\Frontend\dist\out-tsc\src\app\layout\user-layout\user-layout.component.js.map
D:\.Net\POD\Frontend\dist\out-tsc\src\app\layout\admin-layout\admin-menu\admin-menu.component.js
D:\.Net\POD\Frontend\dist\out-tsc\src\app\layout\admin-layout\admin-menu\admin-menu.component.js.map
D:\.Net\POD\Frontend\dist\out-tsc\src\app\layout\user-layout\user-menu\user-menu.component.js
D:\.Net\POD\Frontend\dist\out-tsc\src\app\layout\user-layout\user-menu\user-menu.component.js.map
D:\.Net\POD\Frontend\dist\out-tsc\src\app\layout\header\header.component.js
D:\.Net\POD\Frontend\dist\out-tsc\src\app\layout\header\header.component.js.map
D:\.Net\POD\Frontend\dist\out-tsc\src\app\layout\layout.module.js
D:\.Net\POD\Frontend\dist\out-tsc\src\app\layout\layout.module.js.map
D:\.Net\POD\Frontend\dist\out-tsc\src\app\admin\admin-dashboard\admin-dashboard.component.js
D:\.Net\POD\Frontend\dist\out-tsc\src\app\admin\admin-dashboard\admin-dashboard.component.js.map
D:\.Net\POD\Frontend\dist\out-tsc\src\app\admin\users\users.component.js
D:\.Net\POD\Frontend\dist\out-tsc\src\app\admin\users\users.component.js.map
D:\.Net\POD\Frontend\dist\out-tsc\src\app\admin\work-in-progress\work-in-progress.component.js
D:\.Net\POD\Frontend\dist\out-tsc\src\app\admin\work-in-progress\work-in-progress.component.js.map
D:\.Net\POD\Frontend\dist\out-tsc\src\dto\clientdto.js
D:\.Net\POD\Frontend\dist\out-tsc\src\dto\clientdto.js.map
D:\.Net\POD\Frontend\dist\out-tsc\src\service\client.service.js
D:\.Net\POD\Frontend\dist\out-tsc\src\service\client.service.js.map
D:\.Net\POD\Frontend\dist\out-tsc\src\app\admin\client\client.component.js
D:\.Net\POD\Frontend\dist\out-tsc\src\app\admin\client\client.component.js.map
D:\.Net\POD\Frontend\dist\out-tsc\src\dto\articolidto.js
D:\.Net\POD\Frontend\dist\out-tsc\src\dto\articolidto.js.map
D:\.Net\POD\Frontend\dist\out-tsc\src\service\articoli.service.js
D:\.Net\POD\Frontend\dist\out-tsc\src\service\articoli.service.js.map
D:\.Net\POD\Frontend\dist\out-tsc\src\app\admin\item\item.component.js
D:\.Net\POD\Frontend\dist\out-tsc\src\app\admin\item\item.component.js.map
D:\.Net\POD\Frontend\dist\out-tsc\src\dto\ordersdto.js
D:\.Net\POD\Frontend\dist\out-tsc\src\dto\ordersdto.js.map
D:\.Net\POD\Frontend\dist\out-tsc\src\app\admin\orders\orders.component.js
D:\.Net\POD\Frontend\dist\out-tsc\src\app\admin\orders\orders.component.js.map
D:\.Net\POD\Frontend\dist\out-tsc\src\app\admin\admin-routing.module.js
D:\.Net\POD\Frontend\dist\out-tsc\src\app\admin\admin-routing.module.js.map
D:\.Net\POD\Frontend\dist\out-tsc\src\app\admin\admin.module.js
D:\.Net\POD\Frontend\dist\out-tsc\src\app\admin\admin.module.js.map
D:\.Net\POD\Frontend\dist\out-tsc\src\app\user\user-dashboard\user-dashboard.component.js
D:\.Net\POD\Frontend\dist\out-tsc\src\app\user\user-dashboard\user-dashboard.component.js.map
D:\.Net\POD\Frontend\dist\out-tsc\src\app\user\users\users.component.js
D:\.Net\POD\Frontend\dist\out-tsc\src\app\user\users\users.component.js.map
D:\.Net\POD\Frontend\dist\out-tsc\src\app\user\client\client.component.js
D:\.Net\POD\Frontend\dist\out-tsc\src\app\user\client\client.component.js.map
D:\.Net\POD\Frontend\dist\out-tsc\src\app\user\item\item.component.js
D:\.Net\POD\Frontend\dist\out-tsc\src\app\user\item\item.component.js.map
D:\.Net\POD\Frontend\dist\out-tsc\src\app\user\orders\orders.component.js
D:\.Net\POD\Frontend\dist\out-tsc\src\app\user\orders\orders.component.js.map
D:\.Net\POD\Frontend\dist\out-tsc\src\app\user\user-routing.module.js
D:\.Net\POD\Frontend\dist\out-tsc\src\app\user\user-routing.module.js.map
D:\.Net\POD\Frontend\dist\out-tsc\src\app\user\user.module.js
D:\.Net\POD\Frontend\dist\out-tsc\src\app\user\user.module.js.map
D:\.Net\POD\Frontend\dist\out-tsc\src\app\app.module.js
D:\.Net\POD\Frontend\dist\out-tsc\src\app\app.module.js.map
D:\.Net\POD\Frontend\dist\out-tsc\src\environments\environment.js
D:\.Net\POD\Frontend\dist\out-tsc\src\environments\environment.js.map
D:\.Net\POD\Frontend\dist\out-tsc\src\main.js
D:\.Net\POD\Frontend\dist\out-tsc\src\main.js.map
D:\.Net\POD\Frontend\dist\out-tsc\src\polyfills.js
D:\.Net\POD\Frontend\dist\out-tsc\src\polyfills.js.map
D:\.Net\POD\Frontend\dist\out-tsc\src\test.js
D:\.Net\POD\Frontend\dist\out-tsc\src\test.js.map
D:\.Net\POD\Frontend\dist\out-tsc\src\app\admin\client\client.component.spec.js
D:\.Net\POD\Frontend\dist\out-tsc\src\app\admin\client\client.component.spec.js.map
D:\.Net\POD\Frontend\dist\out-tsc\src\app\admin\item\item.component.spec.js
D:\.Net\POD\Frontend\dist\out-tsc\src\app\admin\item\item.component.spec.js.map
D:\.Net\POD\Frontend\dist\out-tsc\src\app\admin\orders\orders.component.spec.js
D:\.Net\POD\Frontend\dist\out-tsc\src\app\admin\orders\orders.component.spec.js.map
D:\.Net\POD\Frontend\dist\out-tsc\src\app\layout\user-layout\user-layout.component.spec.js
D:\.Net\POD\Frontend\dist\out-tsc\src\app\layout\user-layout\user-layout.component.spec.js.map
D:\.Net\POD\Frontend\dist\out-tsc\src\app\layout\user-layout\user-menu\user-menu.component.spec.js
D:\.Net\POD\Frontend\dist\out-tsc\src\app\layout\user-layout\user-menu\user-menu.component.spec.js.map
D:\.Net\POD\Frontend\dist\out-tsc\src\app\user\client\client.component.spec.js
D:\.Net\POD\Frontend\dist\out-tsc\src\app\user\client\client.component.spec.js.map
D:\.Net\POD\Frontend\dist\out-tsc\src\app\user\item\item.component.spec.js
D:\.Net\POD\Frontend\dist\out-tsc\src\app\user\item\item.component.spec.js.map
D:\.Net\POD\Frontend\dist\out-tsc\src\app\user\orders\orders.component.spec.js
D:\.Net\POD\Frontend\dist\out-tsc\src\app\user\orders\orders.component.spec.js.map
D:\.Net\POD\Frontend\dist\out-tsc\src\app\user\user-dashboard\user-dashboard.component.spec.js
D:\.Net\POD\Frontend\dist\out-tsc\src\app\user\user-dashboard\user-dashboard.component.spec.js.map
D:\.Net\POD\Frontend\dist\out-tsc\src\app\user\users\users.component.spec.js
D:\.Net\POD\Frontend\dist\out-tsc\src\app\user\users\users.component.spec.js.map
D:\.Net\POD\Frontend\dist\out-tsc\src\app\utils\abstractcomponent.js
D:\.Net\POD\Frontend\dist\out-tsc\src\app\utils\abstractcomponent.js.map
D:\.Net\POD\Frontend\dist\out-tsc\src\dto\usertype.js
D:\.Net\POD\Frontend\dist\out-tsc\src\dto\usertype.js.map
D:\.Net\POD\Frontend\dist\out-tsc\src\environments\environment.prod.js
D:\.Net\POD\Frontend\dist\out-tsc\src\environments\environment.prod.js.map
